#######################################################################################
# log primitive debug message of FSDB dumping                                         #
# This is for R&D to analyze when there are issues happening when FSDB dump           #
#######################################################################################
ANF: vcsd_get_serial_mode_status('simv: undefined symbol: vcsd_get_serial_mode_status')
ANF: vcsd_enable_sva_success_callback('simv: undefined symbol: vcsd_enable_sva_success_callback')
ANF: vcsd_disable_sva_success_callback('simv: undefined symbol: vcsd_disable_sva_success_callback')
ANF: vcsd_get_power_scope_name('simv: undefined symbol: vcsd_get_power_scope_name')
ANF: vcsd_dump_var_vpdg('simv: undefined symbol: vcsd_dump_var_vpdg')
ANF: vcsd_begin_no_value_var_info('simv: undefined symbol: vcsd_begin_no_value_var_info')
ANF: vcsd_end_no_value_var_info('simv: undefined symbol: vcsd_end_no_value_var_info')
ANF: vcsd_remove_xprop_merge_mode_callback('simv: undefined symbol: vcsd_remove_xprop_merge_mode_callback')
ANF: vhpi_get_cb_info('simv: undefined symbol: vhpi_get_cb_info')
ANF: vhpi_free_handle('simv: undefined symbol: vhpi_free_handle')
ANF: vhpi_fetch_vcsd_handle('simv: undefined symbol: vhpi_fetch_vcsd_handle')
ANF: vhpi_fetch_vpi_handle('simv: undefined symbol: vhpi_fetch_vpi_handle')
ANF: vhpi_has_verilog_parent('simv: undefined symbol: vhpi_has_verilog_parent')
ANF: vhpi_is_verilog_scope('simv: undefined symbol: vhpi_is_verilog_scope')
ANF: scsd_xprop_is_enabled('simv: undefined symbol: scsd_xprop_is_enabled')
ANF: scsd_xprop_sig_is_promoted('simv: undefined symbol: scsd_xprop_sig_is_promoted')
ANF: scsd_xprop_int_xvalue('simv: undefined symbol: scsd_xprop_int_xvalue')
ANF: scsd_xprop_bool_xvalue('simv: undefined symbol: scsd_xprop_bool_xvalue')
ANF: scsd_xprop_enum_xvalue('simv: undefined symbol: scsd_xprop_enum_xvalue')
ANF: scsd_xprop_register_merge_mode_cb('simv: undefined symbol: scsd_xprop_register_merge_mode_cb')
ANF: scsd_xprop_delete_merge_mode_cb('simv: undefined symbol: scsd_xprop_delete_merge_mode_cb')
ANF: scsd_xprop_get_merge_mode('simv: undefined symbol: scsd_xprop_get_merge_mode')
ANF: scsd_thread_get_info('simv: undefined symbol: scsd_thread_get_info')
ANF: scsd_thread_vc_init('simv: undefined symbol: scsd_thread_vc_init')
ANF: scsd_master_set_delta_sync_cbk('simv: undefined symbol: scsd_master_set_delta_sync_cbk')
ANF: scsd_fgp_get_fsdb_cores('simv: undefined symbol: scsd_fgp_get_fsdb_cores')
ANF: scsd_fgp_get_is_cpu_affinity_disabled('simv: undefined symbol: scsd_fgp_get_is_cpu_affinity_disabled')
ANF: vdi_dt_get_vlog_variant_size_array_info('simv: undefined symbol: vdi_dt_get_vlog_variant_size_array_info')
ANF: vdi_flat_node_get_total_bit_size('simv: undefined symbol: vdi_flat_node_get_total_bit_size')
ANF: vhdi_dt_get_type('simv: undefined symbol: vhdi_dt_get_type')
ANF: vhdi_dt_get_key('simv: undefined symbol: vhdi_dt_get_key')
ANF: vhdi_dt_get_vhdl_enum_info('simv: undefined symbol: vhdi_dt_get_vhdl_enum_info')
ANF: vhdi_dt_get_vhdl_physical_info('simv: undefined symbol: vhdi_dt_get_vhdl_physical_info')
ANF: vhdi_dt_get_vhdl_array_info('simv: undefined symbol: vhdi_dt_get_vhdl_array_info')
ANF: vhdi_dt_get_vhdl_record_info('simv: undefined symbol: vhdi_dt_get_vhdl_record_info')
ANF: vhdi_dt_get_vhdl_integer_range_info('simv: undefined symbol: vhdi_dt_get_vhdl_integer_range_info')
ANF: vhdi_def_traverse_module('simv: undefined symbol: vhdi_def_traverse_module')
ANF: vhdi_def_traverse_scope('simv: undefined symbol: vhdi_def_traverse_scope')
ANF: vhdi_def_traverse_variable('simv: undefined symbol: vhdi_def_traverse_variable')
ANF: vhdi_def_get_module_id_by_vhpi('simv: undefined symbol: vhdi_def_get_module_id_by_vhpi')
ANF: vhdi_def_get_handle_by_module_id('simv: undefined symbol: vhdi_def_get_handle_by_module_id')
ANF: vhdi_def_get_variable_info_by_vhpi('simv: undefined symbol: vhdi_def_get_variable_info_by_vhpi')
ANF: vhdi_def_free('simv: undefined symbol: vhdi_def_free')
ANF: vhdi_ist_traverse_scope('simv: undefined symbol: vhdi_ist_traverse_scope')
ANF: vhdi_ist_traverse_variable('simv: undefined symbol: vhdi_ist_traverse_variable')
ANF: vhdi_ist_convert_by_vhpi('simv: undefined symbol: vhdi_ist_convert_by_vhpi')
ANF: vhdi_ist_clone('simv: undefined symbol: vhdi_ist_clone')
ANF: vhdi_ist_free('simv: undefined symbol: vhdi_ist_free')
ANF: vhdi_ist_hash_key('simv: undefined symbol: vhdi_ist_hash_key')
ANF: vhdi_ist_compare('simv: undefined symbol: vhdi_ist_compare')
ANF: vhdi_ist_get_value_addr('simv: undefined symbol: vhdi_ist_get_value_addr')
ANF: vhdi_set_scsd_callback('simv: undefined symbol: vhdi_set_scsd_callback')
ANF: vhdi_cbk_set_force_callback('simv: undefined symbol: vhdi_cbk_set_force_callback')
ANF: vhdi_trigger_init_force('simv: undefined symbol: vhdi_trigger_init_force')
ANF: vhdi_ist_check_scsd_callback('simv: undefined symbol: vhdi_ist_check_scsd_callback')
ANF: vhdi_ist_add_scsd_callback('simv: undefined symbol: vhdi_ist_add_scsd_callback')
ANF: vhdi_ist_remove_scsd_callback('simv: undefined symbol: vhdi_ist_remove_scsd_callback')
ANF: vhdi_ist_get_scsd_user_data('simv: undefined symbol: vhdi_ist_get_scsd_user_data')
ANF: vhdi_add_time_change_callback('simv: undefined symbol: vhdi_add_time_change_callback')
ANF: vhdi_get_real_value_by_value_addr('simv: undefined symbol: vhdi_get_real_value_by_value_addr')
ANF: vhdi_get_64_value_by_value_addr('simv: undefined symbol: vhdi_get_64_value_by_value_addr')
ANF: vhdi_xprop_inst_is_promoted('simv: undefined symbol: vhdi_xprop_inst_is_promoted')
ANF: vdi_ist_convert_by_vhdi('simv: undefined symbol: vdi_ist_convert_by_vhdi')
ANF: vhdi_ist_get_module_id('simv: undefined symbol: vhdi_ist_get_module_id')
ANF: vhdi_refine_foreign_scope_type('simv: undefined symbol: vhdi_refine_foreign_scope_type')
ANF: vhdi_flush_callback('simv: undefined symbol: vhdi_flush_callback')
ANF: vhdi_set_orig_name('simv: undefined symbol: vhdi_set_orig_name')
ANF: vhdi_set_dump_pt('simv: undefined symbol: vhdi_set_dump_pt')
ANF: vhdi_set_int_subtype('simv: undefined symbol: vhdi_set_int_subtype')
ANF: vhdi_get_fsdb_option('simv: undefined symbol: vhdi_get_fsdb_option')
ANF: vhdi_fgp_get_mode('simv: undefined symbol: vhdi_fgp_get_mode')
ANF: vhdi_node_register_composite_var('simv: undefined symbol: vhdi_node_register_composite_var')
ANF: vhdi_node_analysis('simv: undefined symbol: vhdi_node_analysis')
ANF: vhdi_node_id('simv: undefined symbol: vhdi_node_id')
ANF: vhdi_node_ist_check_scsd_callback('simv: undefined symbol: vhdi_node_ist_check_scsd_callback')
ANF: vhdi_node_ist_add_scsd_callback('simv: undefined symbol: vhdi_node_ist_add_scsd_callback')
ANF: vhdi_node_ist_get_value_addr('simv: undefined symbol: vhdi_node_ist_get_value_addr')
ANF: vhdi_enc_def_traverse_module('simv: undefined symbol: vhdi_enc_def_traverse_module')
ANF: vhdi_enc_def_traverse_scope('simv: undefined symbol: vhdi_enc_def_traverse_scope')
ANF: vhdi_enc_def_traverse_variable('simv: undefined symbol: vhdi_enc_def_traverse_variable')
ANF: vhdi_enc_ist_traverse_scope('simv: undefined symbol: vhdi_enc_ist_traverse_scope')
ANF: vhdi_enc_ist_traverse_variable('simv: undefined symbol: vhdi_enc_ist_traverse_variable')
ANF: vhdi_enc_ist_get_module_id('simv: undefined symbol: vhdi_enc_ist_get_module_id')
ANF: vhdi_enc_def_get_handle_by_module_id('simv: undefined symbol: vhdi_enc_def_get_handle_by_module_id')
VCS compile option:
 option[0]: simv
 option[1]: +v2k
 option[2]: +define+FSDB3
 option[3]: /usr/cad/synopsys/vcs/2023.03/linux64/bin/vcs1
 option[4]: -Mcc=gcc
 option[5]: -Mcplusplus=g++
 option[6]: -Masflags=
 option[7]: -Mcfl= -pipe -fPIC -O -I/usr/cad/synopsys/vcs/2023.03/include 
 option[8]: -Mxllcflags=
 option[9]: -Mxcflags= -pipe -fPIC -I/usr/cad/synopsys/vcs/2023.03/include
 option[10]: -Mldflags= -rdynamic 
 option[11]: -Mout=simv
 option[12]: -Mamsrun=
 option[13]: -Mvcsaceobjs=
 option[14]: -Mobjects= /usr/cad/synopsys/vcs/2023.03/linux64/lib/libvirsim.so /usr/cad/synopsys/vcs/2023.03/linux64/lib/liberrorinf.so /usr/cad/synopsys/vcs/2023.03/linux64/lib/libsnpsmalloc.so /usr/cad/synopsys/vcs/2023.03/linux64/lib/libvfs.so 
 option[15]: -Mexternalobj=
 option[16]: -Msaverestoreobj=/usr/cad/synopsys/vcs/2023.03/linux64/lib/vcs_save_restore_new.o
 option[17]: -Mcrt0=
 option[18]: -Mcrtn=
 option[19]: -Mcsrc=
 option[20]: -Msyslibs=/usr/cad/synopsys/verdi/2023.03/share/PLI/VCS/LINUX64/pli.a -ldl 
 option[21]: -Xvcs_run_simv=1
 option[22]: -debug_access+all
 option[23]: +vpi
 option[24]: +vcsd1
 option[25]: +itf+/usr/cad/synopsys/vcs/2023.03/linux64/lib/vcsdp_lite.tab
 option[26]: +v2k
 option[27]: -full64
 option[28]: +define+FSDB3
 option[29]: -picarchive
 option[30]: -P
 option[31]: /usr/cad/synopsys/verdi/2023.03/share/PLI/VCS/LINUX64/verdi.tab
 option[32]: -fsdb
 option[33]: -sverilog
 option[34]: -gen_obj
 option[35]: tb_FIFO.v
 option[36]: FIFO.v
 option[37]: -load
 option[38]: /usr/cad/synopsys/verdi/2023.03/share/PLI/VCS/LINUX64/libnovas.so:FSDBDumpCmd
Chronologic Simulation VCS Release U-2023.03_Full64
Linux 3.10.0-1160.71.1.el7.x86_64 #1 SMP Tue Jun 28 15:37:28 UTC 2022 x86_64
CPU cores: 12
Limit information:
======================================
cputime		unlimited
filesize		unlimited
datasize		unlimited
stacksize		unlimited
coredumpsize		0 kbytes
memoryuse		unlimited
vmemoryuse		unlimited
descriptors		4096
memorylocked		64 kbytes
maxproc		4096
======================================
(Special)Runtime environment variables:

Runtime environment variables:
REMOTEHOST=140.117.176.100
SYNOPSYS_LC_ROOT=/cad/synopsys/lc/cur
MANPATH=/usr/cad/synopsys/synthesis/2022.12/doc/syn/man:/usr/cad/synopsys/vcs/2023.03//doc/man
SNPS_VCS_INTERNAL_MAKE_OPT=
XDG_SESSION_ID=1416
HOSTNAME=vlsida.cse.nsysu.edu.tw
UNAME=/bin/uname
SELINUX_ROLE_REQUESTED=
SCRNAME=vcs
VCS_DEPTH=0
HOST=vlsida.cse.nsysu.edu.tw
SHELL=/bin/bash
TERM=xterm
HISTSIZE=1000
SSH_CLIENT=140.117.176.100 58444 22
SELINUX_USE_CURRENT_RANGE=
SSH_TTY=/dev/pts/5
LC_ALL=C
SNPS_VCS_INTERNAL_ROOT_PID=34163
GROUP=che0514
USER=che0514
LD_LIBRARY_PATH=/usr/cad/synopsys/vcs/2023.03//lib:/usr/cad/synopsys/vcs/2023.03/linux64/lib:/usr/cad/synopsys/verdi/cur/share/PLI/VCS/LINUX64::/lib64:/usr/lib64:/usr/local/lib64:/usr/cad/synopsys/verdi/2023.03/etc/lib/libstdc++/LINUX64/:/usr/cad/synopsys/verdi/2023.03/share/PLI/lib/LINUX64/:/usr/cad/synopsys/verdi/2023.03/share/PLI/VCS/LINUX64/::
LS_COLORS=rs=0:di=01;34:ln=01;36:mh=00:pi=40;33:so=01;35:do=01;35:bd=40;33;01:cd=40;33;01:or=40;31;01:mi=01;05;37;41:su=37;41:sg=30;43:ca=30;41:tw=30;42:ow=34;42:st=37;44:ex=01;32:*.tar=01;31:*.tgz=01;31:*.arc=01;31:*.arj=01;31:*.taz=01;31:*.lha=01;31:*.lz4=01;31:*.lzh=01;31:*.lzma=01;31:*.tlz=01;31:*.txz=01;31:*.tzo=01;31:*.t7z=01;31:*.zip=01;31:*.z=01;31:*.Z=01;31:*.dz=01;31:*.gz=01;31:*.lrz=01;31:*.lz=01;31:*.lzo=01;31:*.xz=01;31:*.bz2=01;31:*.bz=01;31:*.tbz=01;31:*.tbz2=01;31:*.tz=01;31:*.deb=01;31:*.rpm=01;31:*.jar=01;31:*.war=01;31:*.ear=01;31:*.sar=01;31:*.rar=01;31:*.alz=01;31:*.ace=01;31:*.zoo=01;31:*.cpio=01;31:*.7z=01;31:*.rz=01;31:*.cab=01;31:*.jpg=01;35:*.jpeg=01;35:*.gif=01;35:*.bmp=01;35:*.pbm=01;35:*.pgm=01;35:*.ppm=01;35:*.tga=01;35:*.xbm=01;35:*.xpm=01;35:*.tif=01;35:*.tiff=01;35:*.png=01;35:*.svg=01;35:*.svgz=01;35:*.mng=01;35:*.pcx=01;35:*.mov=01;35:*.mpg=01;35:*.mpeg=01;35:*.m2v=01;35:*.mkv=01;35:*.webm=01;35:*.ogm=01;35:*.mp4=01;35:*.m4v=01;35:*.mp4v=01;35:*.vob=01;35:*.qt=01;35:*.nuv=01;35:*.wmv=01;35:*.asf=01;35:*.rm=01;35:*.rmvb=01;35:*.flc=01;35:*.avi=01;35:*.fli=01;35:*.flv=01;35:*.gl=01;35:*.dl=01;35:*.xcf=01;35:*.xwd=01;35:*.yuv=01;35:*.cgm=01;35:*.emf=01;35:*.axv=01;35:*.anx=01;35:*.ogv=01;35:*.ogx=01;35:*.aac=01;36:*.au=01;36:*.flac=01;36:*.mid=01;36:*.midi=01;36:*.mka=01;36:*.mp3=01;36:*.mpc=01;36:*.ogg=01;36:*.ra=01;36:*.wav=01;36:*.axa=01;36:*.oga=01;36:*.spx=01;36:*.xspf=01;36:
SCRIPT_NAME=vcs
VCS_MX_HOME_INTERNAL=1
HOSTTYPE=x86_64-linux
SNPS_VCS_CLANG_PATH=/usr/cad/synopsys/vcs/2023.03//linux64/clang
VCS_USER_OPTIONS=tb_FIFO.v FIFO.v -R -debug_access+all +v2k -sverilog -full64 +define+FSDB3
OVA_UUM=0
VCS_MODE_FLAG=64
PATH=.:/usr/cad/synopsys/vcs/2023.03//amd64/bin:/usr/cad/synopsys/verdi/2023.03/bin:/usr/cad/synopsys/synthesis/2022.12/amd64/syn/bin:/cad/synopsys/lc/cur/bin:/usr/local/bin:/usr/bin:/usr/local/sbin:/usr/sbin
MAIL=/var/spool/mail/che0514
SNPS_VCS_INTERNAL_CURR_PID=34163
VERDI_HOME=/usr/cad/synopsys/verdi/2023.03
PWD=/home/che0514/sideProject/syn_FIFO
VCS_HOME=/usr/cad/synopsys/vcs/2023.03/
SNPS_VCS_INTERNAL_MEMPRELOAD_USE_LIBC=1
SNPS_INTERNAL_VCS_LINUX_OS=linux
LANG=en_US.UTF-8
VMR_MODE_FLAG=64
SELINUX_LEVEL_REQUESTED=
VCS_CC=gcc
LM_LICENSE_FILE=26585@lstn
HISTCONTROL=ignoredups
VCS_ARG_ADDED_FOR_TMP=1
SNPS_VCS_TMPDIR=/tmp/vcs_20230610220419_34163
HOME=/home/che0514
SHLVL=3
OSTYPE=linux
VCS_COM=/usr/cad/synopsys/vcs/2023.03/linux64/bin/vcs1
VENDOR=unknown
MACHTYPE=x86_64
LOGNAME=che0514
SNPS_VCS_INTERNAL_MAKE=make
SNPS_VCS_INTERNAL_ROOT_START_TIME=1686434659.534585498
SSH_CONNECTION=140.117.176.100 58444 140.117.176.78 22
XDG_DATA_DIRS=/home/che0514/.local/share/flatpak/exports/share:/var/lib/flatpak/exports/share:/usr/local/share:/usr/share
LESSOPEN=||/usr/bin/lesspipe.sh %s
SHLIB_PATH=/usr/cad/synopsys/verdi/2023.03/etc/lib/libstdc++/LINUX64/:/usr/cad/synopsys/verdi/2023.03/share/PLI/lib/LINUX64/:/usr/cad/synopsys/verdi/2023.03/share/PLI/VCS/LINUX64/:
sysc_uni_pwd=/home/che0514/sideProject/syn_FIFO
DISPLAY=localhost:15.0
XDG_RUNTIME_DIR=/run/user/1055
VCS_ARCH=linux64
SYN_MAN_DIR=/usr/cad/synopsys/vcs/2023.03//doc/man
TOOL_HOME=/usr/cad/synopsys/vcs/2023.03/linux64
_=./simv
OLDPWD=/home/che0514/sideProject/syn_FIFO/simv.daidir/debug_dump/fsearch
VCS_PATHMAP_PRELOAD_DONE=1
VCS_EXEC_DONE=1
DVE=/usr/cad/synopsys/vcs/2023.03//gui/dve
SPECMAN_OUTPUT_TO_TTY=1
FLEXLM_BORROWFILE=/home/che0514/.vlsida.cse.nsysu.edu.tw-borrow.txt
Runtime command line arguments:
argv[0]=simv
argv[1]=+v2k
argv[2]=+define+FSDB3
223 profile - 100
          CPU/Mem usage: 0.040 sys,  0.200 user,  270.63M mem
224 Elapsed time:    0:00:00    Sun Jun 11 06:04:22 2023
225 User CPU time used: 0 seconds
226 System CPU time used: 0 seconds
227 pliAppInit
228 [SC]Init: MemoryConsumed=0.00MB ElapsedTime=0hour 0min. 0sec.
229 FSDB_GATE is set.
230 FSDB_RTL is set.
231 FSDB_ALIAS_ARRAY_ELEM is set to 4294967295.
232 Enable Parallel Dumping.
233 pliAppMiscSet: New Sim Round
234 pliEntryInit
235 LIBSSCORE=found /usr/cad/synopsys/verdi/2023.03/share/PLI/lib/LINUXAMD64/libsscore_vcs202303.so through $NOVAS_HOME setting.
236 FSDB Dumper for VCS, Release Verdi_U-2023.03, Linux x86_64/64bit, 02/16/2023
237 (C) 1996 - 2023 by Synopsys, Inc.
238 sps_call_fsdbDumpfile_main at 0 : tb_FIFO.v(27)
239 argv[0]: (FIFO.fsdb)
240 *Verdi* FSDB WARNING: The FSDB file already exists. Overwriting the FSDB file may crash the programs that are using this file.
241 *Verdi* : Create FSDB file 'FIFO.fsdb'
242 [spi_vcs_vd_ppi_create_root]: no upf option
243 compile option from '/home/che0514/sideProject/syn_FIFO/simv.daidir/vcs_rebuild'.
244   "vcs 'tb_FIFO.v' 'FIFO.v' '-R' '-debug_access+all' '+v2k' '-sverilog' '-full64' '+define+FSDB3' 2>&1"
245 DVDI_is_vir_unload_enabled is enable
246 FSDB_VCS_ENABLE_NATIVE_VC is enable
247 sps_call_fsdbDumpvars_vd_main at 0 : tb_FIFO.v(28)
248 *Verdi* : Begin traversing the scopes, layer (0).
249 *Verdi* : End of traversing.
250 pliAppHDL_DumpVarComplete traverse var: profile - 
          CPU/Mem usage: 0.050 sys,  0.200 user,  371.34M mem
                   incr: 0.000 sys,  0.000 user,  9.01M mem
                   accu: 0.000 sys,  0.000 user,  9.01M mem
              accu incr: 0.000 sys,  0.000 user,  9.01M mem

          Count usage: 18 var,  18 idcode,  9 callback
                 incr: 18 var,  18 idcode,  9 callback
                 accu: 18 var,  18 idcode,  9 callback
            accu incr: 18 var,  18 idcode,  9 callback
251 Elapsed time:    0:00:01    Sun Jun 11 06:04:23 2023
252 User CPU time used: 0 seconds
253 System CPU time used: 0 seconds
254 pliAppHDL_DumpVarComplete: profile - 
          CPU/Mem usage: 0.050 sys,  0.200 user,  372.40M mem
                   incr: 0.000 sys,  0.000 user,  1.05M mem
                   accu: 0.000 sys,  0.000 user,  10.06M mem
              accu incr: 0.000 sys,  0.000 user,  1.05M mem

          Count usage: 18 var,  18 idcode,  9 callback
                 incr: 0 var,  0 idcode,  0 callback
                 accu: 18 var,  18 idcode,  9 callback
            accu incr: 0 var,  0 idcode,  0 callback
255 Elapsed time:    0:00:01    Sun Jun 11 06:04:23 2023
256 User CPU time used: 0 seconds
257 System CPU time used: 0 seconds
258 sps_call_fsdbDumpMDA_vd_main at 0 : tb_FIFO.v(30)
259 *Verdi* : Begin traversing the MDAs, layer (0).
260 *Verdi* : Enable +mda and +packedmda dumping.
261 *Verdi* : End of traversing the MDAs.
262 pliAppHDL_DumpVarComplete traverse var: profile - 
          CPU/Mem usage: 0.060 sys,  0.200 user,  372.40M mem
                   incr: 0.010 sys,  0.000 user,  0.00M mem
                   accu: 0.010 sys,  0.000 user,  0.00M mem
              accu incr: 0.010 sys,  0.000 user,  0.00M mem

          Count usage: 26 var,  26 idcode,  10 callback
                 incr: 8 var,  8 idcode,  1 callback
                 accu: 8 var,  8 idcode,  1 callback
            accu incr: 8 var,  8 idcode,  1 callback
263 Elapsed time:    0:00:01    Sun Jun 11 06:04:23 2023
264 User CPU time used: 0 seconds
265 System CPU time used: 0 seconds
266 pliAppHDL_DumpVarComplete: profile - 
          CPU/Mem usage: 0.060 sys,  0.200 user,  372.40M mem
                   incr: 0.000 sys,  0.000 user,  0.00M mem
                   accu: 0.010 sys,  0.000 user,  0.00M mem
              accu incr: 0.000 sys,  0.000 user,  0.00M mem

          Count usage: 26 var,  26 idcode,  10 callback
                 incr: 0 var,  0 idcode,  0 callback
                 accu: 8 var,  8 idcode,  1 callback
            accu incr: 0 var,  0 idcode,  0 callback
267 Elapsed time:    0:00:01    Sun Jun 11 06:04:23 2023
268 User CPU time used: 0 seconds
269 System CPU time used: 0 seconds
270 End of simulation at 130
271 Memory usage: 372.396 M
272 Maximum resident set size: 155 MB
273 Hard page faults: 0
274 Soft page faults: 26621
275 Elapsed time:    0:00:01    Sun Jun 11 06:04:23 2023
276 User CPU time used: 0 seconds
277 System CPU time used: 0 seconds
278 Begin FSDB profile info:
279 FSDB Writer : bc1(38) bcn(36) mtf/stf(0/0)
FSDB Writer elapsed time : flush(0.190128) io wait(0.000000) theadpool wait(0.000000)
FSDB Writer cpu time : MT Compression : 0
280 End FSDB profile info
281 FSDB closed. Name: FIFO.fsdb Size: 9860
282 Parallel profile     - ProducerThread:1 ConsumerThread:1 Buffer:64MB
283                      - BlockUsed:1 Acquire:0 BufferUsed:1114
284                      - Flush:4 Expand:0 ProducerWait:0 ConsumerWait:0
285                      - MainProducerTime:0.282285754 TotalConsumerTime:0.000000000
286                      - ElapsedTime:1.169488000
287 Producer   0 profile - BlockUsed:2 Acquire:0 BufferUsed:1114
288 Consumer   0 profile - Affinity:-1 CPUTime:0.000000000 LifeTime:0.000000000 (-nan%)
289                      - BlockUsed:2 Acquire:0 BufferUsed:1114
290 SimExit
291 Elapsed time:    0:00:01    Sun Jun 11 06:04:23 2023
292 User CPU time used: 0 seconds
293 System CPU time used: 0 seconds
294 Sim process exit
